[0629/164146.861:ERROR:process_info.cc(359)] UncheckedAllocate
[0629/170026.309:ERROR:process_info.cc(359)] UncheckedAllocate
[0629/170026.461:ERROR:process_info.cc(359)] UncheckedAllocate
[0629/203008.021:ERROR:process_info.cc(359)] UncheckedAllocate
[0701/205950.017:ERROR:process_memory_win.cc(73)] ReadMemory at 0x7ff6bf510000 of 64 bytes failed: Only part of a ReadProcessMemory or WriteProcessMemory request was completed. (0x12B)
[0701/205950.018:WARNING:pe_image_reader.cc(340)] could not read dos header from C:\Program Files (x86)\Google\Chrome\Application\chrome.exe
[0701/205950.018:ERROR:process_memory_win.cc(73)] ReadMemory at 0x7ffe50170000 of 64 bytes failed: Only part of a ReadProcessMemory or WriteProcessMemory request was completed. (0x12B)
[0701/205950.019:WARNING:pe_image_reader.cc(340)] could not read dos header from C:\WINDOWS\SYSTEM32\ntdll.dll
[0701/205950.019:ERROR:process_memory_win.cc(73)] ReadMemory at 0x7ffe4ff50000 of 64 bytes failed: Only part of a ReadProcessMemory or WriteProcessMemory request was completed. (0x12B)
[0701/205950.019:WARNING:pe_image_reader.cc(340)] could not read dos header from C:\WINDOWS\System32\KERNEL32.DLL
[0701/205950.019:ERROR:process_memory_win.cc(73)] ReadMemory at 0x7ffe4c2d0000 of 64 bytes failed: Only part of a ReadProcessMemory or WriteProcessMemory request was completed. (0x12B)
[0701/205950.019:WARNING:pe_image_reader.cc(340)] could not read dos header from C:\WINDOWS\System32\KERNELBASE.dll
[0701/205950.019:ERROR:process_memory_win.cc(73)] ReadMemory at 0x7ffe441b0000 of 64 bytes failed: Only part of a ReadProcessMemory or WriteProcessMemory request was completed. (0x12B)
[0701/205950.019:WARNING:pe_image_reader.cc(340)] could not read dos header from C:\Program Files (x86)\Google\Chrome\Application\83.0.4103.116\chrome_elf.dll
[0701/205950.019:ERROR:process_memory_win.cc(73)] ReadMemory at 0x7ffe48000000 of 64 bytes failed: Only part of a ReadProcessMemory or WriteProcessMemory request was completed. (0x12B)
[0701/205950.019:WARNING:pe_image_reader.cc(340)] could not read dos header from C:\WINDOWS\SYSTEM32\VERSION.dll
[0701/205950.019:ERROR:process_memory_win.cc(73)] ReadMemory at 0x7ffe4d980000 of 64 bytes failed: Only part of a ReadProcessMemory or WriteProcessMemory request was completed. (0x12B)
[0701/205950.019:WARNING:pe_image_reader.cc(340)] could not read dos header from C:\WINDOWS\System32\msvcrt.dll
[0701/205950.019:ERROR:process_memory_win.cc(73)] ReadMemory at 0x7ffe4d060000 of 64 bytes failed: Only part of a ReadProcessMemory or WriteProcessMemory request was completed. (0x12B)
[0701/205950.019:WARNING:pe_image_reader.cc(340)] could not read dos header from C:\WINDOWS\System32\bcryptPrimitives.dll
[0701/205950.019:ERROR:process_memory_win.cc(73)] ReadMemory at 0x7ffe4fdf0000 of 64 bytes failed: Only part of a ReadProcessMemory or WriteProcessMemory request was completed. (0x12B)
[0701/205950.019:WARNING:pe_image_reader.cc(340)] could not read dos header from C:\WINDOWS\System32\ADVAPI32.dll
[0701/205950.019:ERROR:process_memory_win.cc(73)] ReadMemory at 0x7ffe4ef30000 of 64 bytes failed: Only part of a ReadProcessMemory or WriteProcessMemory request was completed. (0x12B)
[0701/205950.019:WARNING:pe_image_reader.cc(340)] could not read dos header from C:\WINDOWS\System32\sechost.dll
[0701/205950.019:ERROR:process_memory_win.cc(73)] ReadMemory at 0x1f03d520000 of 64 bytes failed: Only part of a ReadProcessMemory or WriteProcessMemory request was completed. (0x12B)
[0701/205950.019:WARNING:pe_image_reader.cc(340)] could not read dos header from C:\WINDOWS\System32\RPCRT4.dll
[0701/205950.019:ERROR:process_memory_win.cc(73)] ReadMemory at 0x7ffdf2020000 of 64 bytes failed: Only part of a ReadProcessMemory or WriteProcessMemory request was completed. (0x12B)
[0701/205950.019:WARNING:pe_image_reader.cc(340)] could not read dos header from C:\Program Files (x86)\Google\Chrome\Application\83.0.4103.116\chrome.dll
[0701/205950.019:ERROR:process_memory_win.cc(73)] ReadMemory at 0x7ffe4f760000 of 64 bytes failed: Only part of a ReadProcessMemory or WriteProcessMemory request was completed. (0x12B)
[0701/205950.019:WARNING:pe_image_reader.cc(340)] could not read dos header from C:\WINDOWS\System32\WS2_32.dll
[0701/205950.019:ERROR:process_memory_win.cc(73)] ReadMemory at 0x7ffe4d3f0000 of 64 bytes failed: Only part of a ReadProcessMemory or WriteProcessMemory request was completed. (0x12B)
[0701/205950.019:WARNING:pe_image_reader.cc(340)] could not read dos header from C:\WINDOWS\System32\OLEAUT32.dll
[0701/205950.020:ERROR:process_memory_win.cc(73)] ReadMemory at 0x7ffe4c230000 of 64 bytes failed: Only part of a ReadProcessMemory or WriteProcessMemory request was completed. (0x12B)
[0701/205950.020:WARNING:pe_image_reader.cc(340)] could not read dos header from C:\WINDOWS\System32\msvcp_win.dll
[0701/205950.020:ERROR:process_memory_win.cc(73)] ReadMemory at 0x7ffe4cf60000 of 64 bytes failed: Only part of a ReadProcessMemory or WriteProcessMemory request was completed. (0x12B)
[0701/205950.020:WARNING:pe_image_reader.cc(340)] could not read dos header from C:\WINDOWS\System32\ucrtbase.dll
[0701/205950.020:ERROR:process_memory_win.cc(73)] ReadMemory at 0x7ffe4f1e0000 of 64 bytes failed: Only part of a ReadProcessMemory or WriteProcessMemory request was completed. (0x12B)
[0701/205950.020:WARNING:pe_image_reader.cc(340)] could not read dos header from C:\WINDOWS\System32\combase.dll
[0701/205950.020:ERROR:process_memory_win.cc(73)] ReadMemory at 0x7ffe4c780000 of 64 bytes failed: Only part of a ReadProcessMemory or WriteProcessMemory request was completed. (0x12B)
[0701/205950.020:WARNING:pe_image_reader.cc(340)] could not read dos header from C:\WINDOWS\System32\WINTRUST.dll
[0701/205950.020:ERROR:process_memory_win.cc(73)] ReadMemory at 0x7ffe4c180000 of 64 bytes failed: Only part of a ReadProcessMemory or WriteProcessMemory request was completed. (0x12B)
[0701/205950.020:WARNING:pe_image_reader.cc(340)] could not read dos header from C:\WINDOWS\System32\MSASN1.dll
[0701/205950.020:ERROR:process_memory_win.cc(73)] ReadMemory at 0x7ffe4d0e0000 of 64 bytes failed: Only part of a ReadProcessMemory or WriteProcessMemory request was completed. (0x12B)
[0701/205950.020:WARNING:pe_image_reader.cc(340)] could not read dos header from C:\WINDOWS\System32\CRYPT32.dll
[0701/205950.020:ERROR:process_memory_win.cc(73)] ReadMemory at 0x7ffe4b6e0000 of 64 bytes failed: Only part of a ReadProcessMemory or WriteProcessMemory request was completed. (0x12B)
[0701/205950.020:WARNING:pe_image_reader.cc(340)] could not read dos header from C:\WINDOWS\SYSTEM32\IPHLPAPI.DLL
[0701/205950.020:ERROR:process_memory_win.cc(73)] ReadMemory at 0x7ffe4a2c0000 of 64 bytes failed: Only part of a ReadProcessMemory or WriteProcessMemory request was completed. (0x12B)
[0701/205950.020:WARNING:pe_image_reader.cc(340)] could not read dos header from C:\WINDOWS\SYSTEM32\WINMM.dll
[0701/205950.020:ERROR:process_memory_win.cc(73)] ReadMemory at 0x7ffe390f0000 of 64 bytes failed: Only part of a ReadProcessMemory or WriteProcessMemory request was completed. (0x12B)
[0701/205950.020:WARNING:pe_image_reader.cc(340)] could not read dos header from C:\WINDOWS\SYSTEM32\Secur32.dll
[0701/205950.020:ERROR:process_memory_win.cc(73)] ReadMemory at 0x7ffe4c050000 of 64 bytes failed: Only part of a ReadProcessMemory or WriteProcessMemory request was completed. (0x12B)
[0701/205950.020:WARNING:pe_image_reader.cc(340)] could not read dos header from C:\WINDOWS\SYSTEM32\USERENV.dll
[0701/205950.020:ERROR:process_memory_win.cc(73)] ReadMemory at 0x7ffe4c1a0000 of 64 bytes failed: Only part of a ReadProcessMemory or WriteProcessMemory request was completed. (0x12B)
[0701/205950.020:WARNING:pe_image_reader.cc(340)] could not read dos header from C:\WINDOWS\System32\profapi.dll
[0701/205950.020:ERROR:process_memory_win.cc(73)] ReadMemory at 0x7ffe263d0000 of 64 bytes failed: Only part of a ReadProcessMemory or WriteProcessMemory request was completed. (0x12B)
[0701/205950.020:WARNING:pe_image_reader.cc(340)] could not read dos header from C:\WINDOWS\SYSTEM32\UIAutomationCore.DLL
[0701/205950.020:ERROR:process_memory_win.cc(73)] ReadMemory at 0x7ffe39990000 of 64 bytes failed: Only part of a ReadProcessMemory or WriteProcessMemory request was completed. (0x12B)
[0701/205950.020:WARNING:pe_image_reader.cc(340)] could not read dos header from C:\WINDOWS\SYSTEM32\DWrite.dll
[0701/205950.020:ERROR:process_memory_win.cc(73)] ReadMemory at 0x7ffe449c0000 of 64 bytes failed: Only part of a ReadProcessMemory or WriteProcessMemory request was completed. (0x12B)
[0701/205950.020:WARNING:pe_image_reader.cc(340)] could not read dos header from C:\WINDOWS\SYSTEM32\WINSPOOL.DRV
[0701/205950.020:ERROR:process_memory_win.cc(73)] ReadMemory at 0x7ffe4c160000 of 64 bytes failed: Only part of a ReadProcessMemory or WriteProcessMemory request was completed. (0x12B)
[0701/205950.021:WARNING:pe_image_reader.cc(340)] could not read dos header from C:\WINDOWS\System32\kernel.appcore.dll
[0701/205950.021:ERROR:process_memory_win.cc(73)] ReadMemory at 0x7ffe4cf30000 of 64 bytes failed: Only part of a ReadProcessMemory or WriteProcessMemory request was completed. (0x12B)
[0701/205950.021:WARNING:pe_image_reader.cc(340)] could not read dos header from C:\WINDOWS\System32\bcrypt.dll
[0701/205950.021:ERROR:process_memory_win.cc(73)] ReadMemory at 0x7ffe45e90000 of 64 bytes failed: Only part of a ReadProcessMemory or WriteProcessMemory request was completed. (0x12B)
[0701/205950.021:WARNING:pe_image_reader.cc(340)] could not read dos header from C:\WINDOWS\SYSTEM32\dbghelp.dll
[0701/205950.021:ERROR:process_memory_win.cc(73)] ReadMemory at 0x7ffe3f210000 of 64 bytes failed: Only part of a ReadProcessMemory or WriteProcessMemory request was completed. (0x12B)
[0701/205950.021:WARNING:pe_image_reader.cc(340)] could not read dos header from C:\WINDOWS\SYSTEM32\WINHTTP.dll
[0701/205950.021:ERROR:process_memory_win.cc(73)] ReadMemory at 0x7ffe3f320000 of 64 bytes failed: Only part of a ReadProcessMemory or WriteProcessMemory request was completed. (0x12B)
[0701/205950.021:WARNING:pe_image_reader.cc(340)] could not read dos header from C:\WINDOWS\SYSTEM32\dhcpcsvc.DLL
[0701/205950.021:ERROR:process_memory_win.cc(73)] ReadMemory at 0x7ffe4da20000 of 64 bytes failed: Only part of a ReadProcessMemory or WriteProcessMemory request was completed. (0x12B)
[0701/205950.021:WARNING:pe_image_reader.cc(340)] could not read dos header from C:\WINDOWS\System32\NSI.dll
[0701/205950.021:ERROR:process_memory_win.cc(73)] ReadMemory at 0x7ffe4a290000 of 64 bytes failed: Only part of a ReadProcessMemory or WriteProcessMemory request was completed. (0x12B)
[0701/205950.021:WARNING:pe_image_reader.cc(340)] could not read dos header from C:\WINDOWS\SYSTEM32\WINMMBASE.dll
[0701/205950.021:ERROR:process_memory_win.cc(73)] ReadMemory at 0x7ffe4c590000 of 64 bytes failed: Only part of a ReadProcessMemory or WriteProcessMemory request was completed. (0x12B)
[0701/205950.021:WARNING:pe_image_reader.cc(340)] could not read dos header from C:\WINDOWS\System32\cfgmgr32.dll
[0701/205950.021:ERROR:process_memory_win.cc(73)] ReadMemory at 0x7ffe43ed0000 of 64 bytes failed: Only part of a ReadProcessMemory or WriteProcessMemory request was completed. (0x12B)
[0701/205950.021:WARNING:pe_image_reader.cc(340)] could not read dos header from C:\WINDOWS\SYSTEM32\Bcp47Langs.dll
[0701/205950.021:ERROR:process_memory_win.cc(73)] ReadMemory at 0x7ffe4aca0000 of 64 bytes failed: Only part of a ReadProcessMemory or WriteProcessMemory request was completed. (0x12B)
[0701/205950.021:WARNING:pe_image_reader.cc(340)] could not read dos header from C:\WINDOWS\SYSTEM32\PROPSYS.dll
[0701/205950.021:ERROR:process_memory_win.cc(73)] ReadMemory at 0x7ffe4fea0000 of 64 bytes failed: Only part of a ReadProcessMemory or WriteProcessMemory request was completed. (0x12B)
[0701/205950.021:WARNING:pe_image_reader.cc(340)] could not read dos header from C:\WINDOWS\System32\shcore.dll
[0701/205950.021:ERROR:process_memory_win.cc(73)] ReadMemory at 0x7ffe4c080000 of 64 bytes failed: Only part of a ReadProcessMemory or WriteProcessMemory request was completed. (0x12B)
[0701/205950.021:WARNING:pe_image_reader.cc(340)] could not read dos header from C:\WINDOWS\SYSTEM32\SSPICLI.DLL
[0701/205950.021:ERROR:process_memory_win.cc(73)] ReadMemory at 0x7ffe4bb90000 of 64 bytes failed: Only part of a ReadProcessMemory or WriteProcessMemory request was completed. (0x12B)
[0701/205950.021:WARNING:pe_image_reader.cc(340)] could not read dos header from C:\WINDOWS\SYSTEM32\CRYPTBASE.DLL
[0701/205950.026:ERROR:process_memory_win.cc(73)] ReadMemory at 0x7ff6bf510000 of 64 bytes failed: Only part of a ReadProcessMemory or WriteProcessMemory request was completed. (0x12B)
[0701/205950.026:WARNING:pe_image_reader.cc(340)] could not read dos header from C:\Program Files (x86)\Google\Chrome\Application\chrome.exe
[0701/205950.026:ERROR:process_memory_win.cc(73)] ReadMemory at 0x7ffe50170000 of 64 bytes failed: Only part of a ReadProcessMemory or WriteProcessMemory request was completed. (0x12B)
[0701/205950.026:WARNING:pe_image_reader.cc(340)] could not read dos header from C:\WINDOWS\SYSTEM32\ntdll.dll
[0701/205950.026:ERROR:process_memory_win.cc(73)] ReadMemory at 0x7ffe4ff50000 of 64 bytes failed: Only part of a ReadProcessMemory or WriteProcessMemory request was completed. (0x12B)
[0701/205950.026:WARNING:pe_image_reader.cc(340)] could not read dos header from C:\WINDOWS\System32\KERNEL32.DLL
[0701/205950.026:ERROR:process_memory_win.cc(73)] ReadMemory at 0x7ffe4c2d0000 of 64 bytes failed: Only part of a ReadProcessMemory or WriteProcessMemory request was completed. (0x12B)
[0701/205950.026:WARNING:pe_image_reader.cc(340)] could not read dos header from C:\WINDOWS\System32\KERNELBASE.dll
[0701/205950.026:ERROR:process_memory_win.cc(73)] ReadMemory at 0x7ffe441b0000 of 64 bytes failed: Only part of a ReadProcessMemory or WriteProcessMemory request was completed. (0x12B)
[0701/205950.026:WARNING:pe_image_reader.cc(340)] could not read dos header from C:\Program Files (x86)\Google\Chrome\Application\83.0.4103.116\chrome_elf.dll
[0701/205950.026:ERROR:process_memory_win.cc(73)] ReadMemory at 0x7ffe48000000 of 64 bytes failed: Only part of a ReadProcessMemory or WriteProcessMemory request was completed. (0x12B)
[0701/205950.026:WARNING:pe_image_reader.cc(340)] could not read dos header from C:\WINDOWS\SYSTEM32\VERSION.dll
[0701/205950.026:ERROR:process_memory_win.cc(73)] ReadMemory at 0x7ffe4d980000 of 64 bytes failed: Only part of a ReadProcessMemory or WriteProcessMemory request was completed. (0x12B)
[0701/205950.026:WARNING:pe_image_reader.cc(340)] could not read dos header from C:\WINDOWS\System32\msvcrt.dll
[0701/205950.026:ERROR:process_memory_win.cc(73)] ReadMemory at 0x7ffe4d060000 of 64 bytes failed: Only part of a ReadProcessMemory or WriteProcessMemory request was completed. (0x12B)
[0701/205950.026:WARNING:pe_image_reader.cc(340)] could not read dos header from C:\WINDOWS\System32\bcryptPrimitives.dll
[0701/205950.026:ERROR:process_memory_win.cc(73)] ReadMemory at 0x7ffe4fdf0000 of 64 bytes failed: Only part of a ReadProcessMemory or WriteProcessMemory request was completed. (0x12B)
[0701/205950.026:WARNING:pe_image_reader.cc(340)] could not read dos header from C:\WINDOWS\System32\ADVAPI32.dll
[0701/205950.026:ERROR:process_memory_win.cc(73)] ReadMemory at 0x7ffe4ef30000 of 64 bytes failed: Only part of a ReadProcessMemory or WriteProcessMemory request was completed. (0x12B)
[0701/205950.026:WARNING:pe_image_reader.cc(340)] could not read dos header from C:\WINDOWS\System32\sechost.dll
[0701/205950.026:ERROR:process_memory_win.cc(73)] ReadMemory at 0x1f03d520000 of 64 bytes failed: Only part of a ReadProcessMemory or WriteProcessMemory request was completed. (0x12B)
[0701/205950.026:WARNING:pe_image_reader.cc(340)] could not read dos header from C:\WINDOWS\System32\RPCRT4.dll
[0701/205950.026:ERROR:process_memory_win.cc(73)] ReadMemory at 0x7ffdf2020000 of 64 bytes failed: Only part of a ReadProcessMemory or WriteProcessMemory request was completed. (0x12B)
[0701/205950.026:WARNING:pe_image_reader.cc(340)] could not read dos header from C:\Program Files (x86)\Google\Chrome\Application\83.0.4103.116\chrome.dll
[0701/205950.026:ERROR:process_memory_win.cc(73)] ReadMemory at 0x7ffe4f760000 of 64 bytes failed: Only part of a ReadProcessMemory or WriteProcessMemory request was completed. (0x12B)
[0701/205950.027:WARNING:pe_image_reader.cc(340)] could not read dos header from C:\WINDOWS\System32\WS2_32.dll
[0701/205950.027:ERROR:process_memory_win.cc(73)] ReadMemory at 0x7ffe4d3f0000 of 64 bytes failed: Only part of a ReadProcessMemory or WriteProcessMemory request was completed. (0x12B)
[0701/205950.027:WARNING:pe_image_reader.cc(340)] could not read dos header from C:\WINDOWS\System32\OLEAUT32.dll
[0701/205950.027:ERROR:process_memory_win.cc(73)] ReadMemory at 0x7ffe4c230000 of 64 bytes failed: Only part of a ReadProcessMemory or WriteProcessMemory request was completed. (0x12B)
[0701/205950.027:WARNING:pe_image_reader.cc(340)] could not read dos header from C:\WINDOWS\System32\msvcp_win.dll
[0701/205950.027:ERROR:process_memory_win.cc(73)] ReadMemory at 0x7ffe4cf60000 of 64 bytes failed: Only part of a ReadProcessMemory or WriteProcessMemory request was completed. (0x12B)
[0701/205950.027:WARNING:pe_image_reader.cc(340)] could not read dos header from C:\WINDOWS\System32\ucrtbase.dll
[0701/205950.027:ERROR:process_memory_win.cc(73)] ReadMemory at 0x7ffe4f1e0000 of 64 bytes failed: Only part of a ReadProcessMemory or WriteProcessMemory request was completed. (0x12B)
[0701/205950.027:WARNING:pe_image_reader.cc(340)] could not read dos header from C:\WINDOWS\System32\combase.dll
[0701/205950.027:ERROR:process_memory_win.cc(73)] ReadMemory at 0x7ffe4c780000 of 64 bytes failed: Only part of a ReadProcessMemory or WriteProcessMemory request was completed. (0x12B)
[0701/205950.027:WARNING:pe_image_reader.cc(340)] could not read dos header from C:\WINDOWS\System32\WINTRUST.dll
[0701/205950.027:ERROR:process_memory_win.cc(73)] ReadMemory at 0x7ffe4c180000 of 64 bytes failed: Only part of a ReadProcessMemory or WriteProcessMemory request was completed. (0x12B)
[0701/205950.027:WARNING:pe_image_reader.cc(340)] could not read dos header from C:\WINDOWS\System32\MSASN1.dll
[0701/205950.027:ERROR:process_memory_win.cc(73)] ReadMemory at 0x7ffe4d0e0000 of 64 bytes failed: Only part of a ReadProcessMemory or WriteProcessMemory request was completed. (0x12B)
[0701/205950.027:WARNING:pe_image_reader.cc(340)] could not read dos header from C:\WINDOWS\System32\CRYPT32.dll
[0701/205950.027:ERROR:process_memory_win.cc(73)] ReadMemory at 0x7ffe4b6e0000 of 64 bytes failed: Only part of a ReadProcessMemory or WriteProcessMemory request was completed. (0x12B)
[0701/205950.027:WARNING:pe_image_reader.cc(340)] could not read dos header from C:\WINDOWS\SYSTEM32\IPHLPAPI.DLL
[0701/205950.027:ERROR:process_memory_win.cc(73)] ReadMemory at 0x7ffe4a2c0000 of 64 bytes failed: Only part of a ReadProcessMemory or WriteProcessMemory request was completed. (0x12B)
[0701/205950.027:WARNING:pe_image_reader.cc(340)] could not read dos header from C:\WINDOWS\SYSTEM32\WINMM.dll
[0701/205950.027:ERROR:process_memory_win.cc(73)] ReadMemory at 0x7ffe390f0000 of 64 bytes failed: Only part of a ReadProcessMemory or WriteProcessMemory request was completed. (0x12B)
[0701/205950.027:WARNING:pe_image_reader.cc(340)] could not read dos header from C:\WINDOWS\SYSTEM32\Secur32.dll
[0701/205950.027:ERROR:process_memory_win.cc(73)] ReadMemory at 0x7ffe4c050000 of 64 bytes failed: Only part of a ReadProcessMemory or WriteProcessMemory request was completed. (0x12B)
[0701/205950.027:WARNING:pe_image_reader.cc(340)] could not read dos header from C:\WINDOWS\SYSTEM32\USERENV.dll
[0701/205950.027:ERROR:process_memory_win.cc(73)] ReadMemory at 0x7ffe4c1a0000 of 64 bytes failed: Only part of a ReadProcessMemory or WriteProcessMemory request was completed. (0x12B)
[0701/205950.027:WARNING:pe_image_reader.cc(340)] could not read dos header from C:\WINDOWS\System32\profapi.dll
[0701/205950.027:ERROR:process_memory_win.cc(73)] ReadMemory at 0x7ffe263d0000 of 64 bytes failed: Only part of a ReadProcessMemory or WriteProcessMemory request was completed. (0x12B)
[0701/205950.027:WARNING:pe_image_reader.cc(340)] could not read dos header from C:\WINDOWS\SYSTEM32\UIAutomationCore.DLL
[0701/205950.027:ERROR:process_memory_win.cc(73)] ReadMemory at 0x7ffe39990000 of 64 bytes failed: Only part of a ReadProcessMemory or WriteProcessMemory request was completed. (0x12B)
[0701/205950.027:WARNING:pe_image_reader.cc(340)] could not read dos header from C:\WINDOWS\SYSTEM32\DWrite.dll
[0701/205950.027:ERROR:process_memory_win.cc(73)] ReadMemory at 0x7ffe449c0000 of 64 bytes failed: Only part of a ReadProcessMemory or WriteProcessMemory request was completed. (0x12B)
[0701/205950.027:WARNING:pe_image_reader.cc(340)] could not read dos header from C:\WINDOWS\SYSTEM32\WINSPOOL.DRV
[0701/205950.027:ERROR:process_memory_win.cc(73)] ReadMemory at 0x7ffe4c160000 of 64 bytes failed: Only part of a ReadProcessMemory or WriteProcessMemory request was completed. (0x12B)
[0701/205950.027:WARNING:pe_image_reader.cc(340)] could not read dos header from C:\WINDOWS\System32\kernel.appcore.dll
[0701/205950.027:ERROR:process_memory_win.cc(73)] ReadMemory at 0x7ffe4cf30000 of 64 bytes failed: Only part of a ReadProcessMemory or WriteProcessMemory request was completed. (0x12B)
[0701/205950.027:WARNING:pe_image_reader.cc(340)] could not read dos header from C:\WINDOWS\System32\bcrypt.dll
[0701/205950.027:ERROR:process_memory_win.cc(73)] ReadMemory at 0x7ffe45e90000 of 64 bytes failed: Only part of a ReadProcessMemory or WriteProcessMemory request was completed. (0x12B)
[0701/205950.027:WARNING:pe_image_reader.cc(340)] could not read dos header from C:\WINDOWS\SYSTEM32\dbghelp.dll
[0701/205950.027:ERROR:process_memory_win.cc(73)] ReadMemory at 0x7ffe3f210000 of 64 bytes failed: Only part of a ReadProcessMemory or WriteProcessMemory request was completed. (0x12B)
[0701/205950.027:WARNING:pe_image_reader.cc(340)] could not read dos header from C:\WINDOWS\SYSTEM32\WINHTTP.dll
[0701/205950.027:ERROR:process_memory_win.cc(73)] ReadMemory at 0x7ffe3f320000 of 64 bytes failed: Only part of a ReadProcessMemory or WriteProcessMemory request was completed. (0x12B)
[0701/205950.027:WARNING:pe_image_reader.cc(340)] could not read dos header from C:\WINDOWS\SYSTEM32\dhcpcsvc.DLL
[0701/205950.028:ERROR:process_memory_win.cc(73)] ReadMemory at 0x7ffe4da20000 of 64 bytes failed: Only part of a ReadProcessMemory or WriteProcessMemory request was completed. (0x12B)
[0701/205950.028:WARNING:pe_image_reader.cc(340)] could not read dos header from C:\WINDOWS\System32\NSI.dll
[0701/205950.028:ERROR:process_memory_win.cc(73)] ReadMemory at 0x7ffe4a290000 of 64 bytes failed: Only part of a ReadProcessMemory or WriteProcessMemory request was completed. (0x12B)
[0701/205950.028:WARNING:pe_image_reader.cc(340)] could not read dos header from C:\WINDOWS\SYSTEM32\WINMMBASE.dll
[0701/205950.028:ERROR:process_memory_win.cc(73)] ReadMemory at 0x7ffe4c590000 of 64 bytes failed: Only part of a ReadProcessMemory or WriteProcessMemory request was completed. (0x12B)
[0701/205950.028:WARNING:pe_image_reader.cc(340)] could not read dos header from C:\WINDOWS\System32\cfgmgr32.dll
[0701/205950.028:ERROR:process_memory_win.cc(73)] ReadMemory at 0x7ffe43ed0000 of 64 bytes failed: Only part of a ReadProcessMemory or WriteProcessMemory request was completed. (0x12B)
[0701/205950.028:WARNING:pe_image_reader.cc(340)] could not read dos header from C:\WINDOWS\SYSTEM32\Bcp47Langs.dll
[0701/205950.028:ERROR:process_memory_win.cc(73)] ReadMemory at 0x7ffe4aca0000 of 64 bytes failed: Only part of a ReadProcessMemory or WriteProcessMemory request was completed. (0x12B)
[0701/205950.028:WARNING:pe_image_reader.cc(340)] could not read dos header from C:\WINDOWS\SYSTEM32\PROPSYS.dll
[0701/205950.028:ERROR:process_memory_win.cc(73)] ReadMemory at 0x7ffe4fea0000 of 64 bytes failed: Only part of a ReadProcessMemory or WriteProcessMemory request was completed. (0x12B)
[0701/205950.028:WARNING:pe_image_reader.cc(340)] could not read dos header from C:\WINDOWS\System32\shcore.dll
[0701/205950.028:ERROR:process_memory_win.cc(73)] ReadMemory at 0x7ffe4c080000 of 64 bytes failed: Only part of a ReadProcessMemory or WriteProcessMemory request was completed. (0x12B)
[0701/205950.028:WARNING:pe_image_reader.cc(340)] could not read dos header from C:\WINDOWS\SYSTEM32\SSPICLI.DLL
[0701/205950.028:ERROR:process_memory_win.cc(73)] ReadMemory at 0x7ffe4bb90000 of 64 bytes failed: Only part of a ReadProcessMemory or WriteProcessMemory request was completed. (0x12B)
[0701/205950.028:WARNING:pe_image_reader.cc(340)] could not read dos header from C:\WINDOWS\SYSTEM32\CRYPTBASE.DLL
[0701/205950.028:ERROR:process_memory_win.cc(73)] ReadMemory at 0x7ff6bf510000 of 64 bytes failed: Only part of a ReadProcessMemory or WriteProcessMemory request was completed. (0x12B)
[0701/205950.028:WARNING:pe_image_reader.cc(340)] could not read dos header from C:\Program Files (x86)\Google\Chrome\Application\chrome.exe
[0701/205950.028:ERROR:process_memory_win.cc(73)] ReadMemory at 0x7ffe50170000 of 64 bytes failed: Only part of a ReadProcessMemory or WriteProcessMemory request was completed. (0x12B)
[0701/205950.028:WARNING:pe_image_reader.cc(340)] could not read dos header from C:\WINDOWS\SYSTEM32\ntdll.dll
[0701/205950.028:ERROR:process_memory_win.cc(73)] ReadMemory at 0x7ffe4ff50000 of 64 bytes failed: Only part of a ReadProcessMemory or WriteProcessMemory request was completed. (0x12B)
[0701/205950.028:WARNING:pe_image_reader.cc(340)] could not read dos header from C:\WINDOWS\System32\KERNEL32.DLL
[0701/205950.028:ERROR:process_memory_win.cc(73)] ReadMemory at 0x7ffe4c2d0000 of 64 bytes failed: Only part of a ReadProcessMemory or WriteProcessMemory request was completed. (0x12B)
[0701/205950.028:WARNING:pe_image_reader.cc(340)] could not read dos header from C:\WINDOWS\System32\KERNELBASE.dll
[0701/205950.028:ERROR:process_memory_win.cc(73)] ReadMemory at 0x7ffe441b0000 of 64 bytes failed: Only part of a ReadProcessMemory or WriteProcessMemory request was completed. (0x12B)
[0701/205950.028:WARNING:pe_image_reader.cc(340)] could not read dos header from C:\Program Files (x86)\Google\Chrome\Application\83.0.4103.116\chrome_elf.dll
[0701/205950.028:ERROR:process_memory_win.cc(73)] ReadMemory at 0x7ffe48000000 of 64 bytes failed: Only part of a ReadProcessMemory or WriteProcessMemory request was completed. (0x12B)
[0701/205950.028:WARNING:pe_image_reader.cc(340)] could not read dos header from C:\WINDOWS\SYSTEM32\VERSION.dll
[0701/205950.028:ERROR:process_memory_win.cc(73)] ReadMemory at 0x7ffe4d980000 of 64 bytes failed: Only part of a ReadProcessMemory or WriteProcessMemory request was completed. (0x12B)
[0701/205950.028:WARNING:pe_image_reader.cc(340)] could not read dos header from C:\WINDOWS\System32\msvcrt.dll
[0701/205950.028:ERROR:process_memory_win.cc(73)] ReadMemory at 0x7ffe4d060000 of 64 bytes failed: Only part of a ReadProcessMemory or WriteProcessMemory request was completed. (0x12B)
[0701/205950.028:WARNING:pe_image_reader.cc(340)] could not read dos header from C:\WINDOWS\System32\bcryptPrimitives.dll
[0701/205950.028:ERROR:process_memory_win.cc(73)] ReadMemory at 0x7ffe4fdf0000 of 64 bytes failed: Only part of a ReadProcessMemory or WriteProcessMemory request was completed. (0x12B)
[0701/205950.028:WARNING:pe_image_reader.cc(340)] could not read dos header from C:\WINDOWS\System32\ADVAPI32.dll
[0701/205950.028:ERROR:process_memory_win.cc(73)] ReadMemory at 0x7ffe4ef30000 of 64 bytes failed: Only part of a ReadProcessMemory or WriteProcessMemory request was completed. (0x12B)
[0701/205950.028:WARNING:pe_image_reader.cc(340)] could not read dos header from C:\WINDOWS\System32\sechost.dll
[0701/205950.028:ERROR:process_memory_win.cc(73)] ReadMemory at 0x1f03d520000 of 64 bytes failed: Only part of a ReadProcessMemory or WriteProcessMemory request was completed. (0x12B)
[0701/205950.028:WARNING:pe_image_reader.cc(340)] could not read dos header from C:\WINDOWS\System32\RPCRT4.dll
[0701/205950.029:ERROR:process_memory_win.cc(73)] ReadMemory at 0x7ffdf2020000 of 64 bytes failed: Only part of a ReadProcessMemory or WriteProcessMemory request was completed. (0x12B)
[0701/205950.029:WARNING:pe_image_reader.cc(340)] could not read dos header from C:\Program Files (x86)\Google\Chrome\Application\83.0.4103.116\chrome.dll
[0701/205950.029:ERROR:process_memory_win.cc(73)] ReadMemory at 0x7ffe4f760000 of 64 bytes failed: Only part of a ReadProcessMemory or WriteProcessMemory request was completed. (0x12B)
[0701/205950.029:WARNING:pe_image_reader.cc(340)] could not read dos header from C:\WINDOWS\System32\WS2_32.dll
[0701/205950.029:ERROR:process_memory_win.cc(73)] ReadMemory at 0x7ffe4d3f0000 of 64 bytes failed: Only part of a ReadProcessMemory or WriteProcessMemory request was completed. (0x12B)
[0701/205950.029:WARNING:pe_image_reader.cc(340)] could not read dos header from C:\WINDOWS\System32\OLEAUT32.dll
[0701/205950.029:ERROR:process_memory_win.cc(73)] ReadMemory at 0x7ffe4c230000 of 64 bytes failed: Only part of a ReadProcessMemory or WriteProcessMemory request was completed. (0x12B)
[0701/205950.029:WARNING:pe_image_reader.cc(340)] could not read dos header from C:\WINDOWS\System32\msvcp_win.dll
[0701/205950.029:ERROR:process_memory_win.cc(73)] ReadMemory at 0x7ffe4cf60000 of 64 bytes failed: Only part of a ReadProcessMemory or WriteProcessMemory request was completed. (0x12B)
[0701/205950.029:WARNING:pe_image_reader.cc(340)] could not read dos header from C:\WINDOWS\System32\ucrtbase.dll
[0701/205950.029:ERROR:process_memory_win.cc(73)] ReadMemory at 0x7ffe4f1e0000 of 64 bytes failed: Only part of a ReadProcessMemory or WriteProcessMemory request was completed. (0x12B)
[0701/205950.029:WARNING:pe_image_reader.cc(340)] could not read dos header from C:\WINDOWS\System32\combase.dll
[0701/205950.029:ERROR:process_memory_win.cc(73)] ReadMemory at 0x7ffe4c780000 of 64 bytes failed: Only part of a ReadProcessMemory or WriteProcessMemory request was completed. (0x12B)
[0701/205950.029:WARNING:pe_image_reader.cc(340)] could not read dos header from C:\WINDOWS\System32\WINTRUST.dll
[0701/205950.029:ERROR:process_memory_win.cc(73)] ReadMemory at 0x7ffe4c180000 of 64 bytes failed: Only part of a ReadProcessMemory or WriteProcessMemory request was completed. (0x12B)
[0701/205950.029:WARNING:pe_image_reader.cc(340)] could not read dos header from C:\WINDOWS\System32\MSASN1.dll
[0701/205950.029:ERROR:process_memory_win.cc(73)] ReadMemory at 0x7ffe4d0e0000 of 64 bytes failed: Only part of a ReadProcessMemory or WriteProcessMemory request was completed. (0x12B)
[0701/205950.029:WARNING:pe_image_reader.cc(340)] could not read dos header from C:\WINDOWS\System32\CRYPT32.dll
[0701/205950.029:ERROR:process_memory_win.cc(73)] ReadMemory at 0x7ffe4b6e0000 of 64 bytes failed: Only part of a ReadProcessMemory or WriteProcessMemory request was completed. (0x12B)
[0701/205950.029:WARNING:pe_image_reader.cc(340)] could not read dos header from C:\WINDOWS\SYSTEM32\IPHLPAPI.DLL
[0701/205950.029:ERROR:process_memory_win.cc(73)] ReadMemory at 0x7ffe4a2c0000 of 64 bytes failed: Only part of a ReadProcessMemory or WriteProcessMemory request was completed. (0x12B)
[0701/205950.029:WARNING:pe_image_reader.cc(340)] could not read dos header from C:\WINDOWS\SYSTEM32\WINMM.dll
[0701/205950.029:ERROR:process_memory_win.cc(73)] ReadMemory at 0x7ffe390f0000 of 64 bytes failed: Only part of a ReadProcessMemory or WriteProcessMemory request was completed. (0x12B)
[0701/205950.029:WARNING:pe_image_reader.cc(340)] could not read dos header from C:\WINDOWS\SYSTEM32\Secur32.dll
[0701/205950.029:ERROR:process_memory_win.cc(73)] ReadMemory at 0x7ffe4c050000 of 64 bytes failed: Only part of a ReadProcessMemory or WriteProcessMemory request was completed. (0x12B)
[0701/205950.029:WARNING:pe_image_reader.cc(340)] could not read dos header from C:\WINDOWS\SYSTEM32\USERENV.dll
[0701/205950.029:ERROR:process_memory_win.cc(73)] ReadMemory at 0x7ffe4c1a0000 of 64 bytes failed: Only part of a ReadProcessMemory or WriteProcessMemory request was completed. (0x12B)
[0701/205950.029:WARNING:pe_image_reader.cc(340)] could not read dos header from C:\WINDOWS\System32\profapi.dll
[0701/205950.029:ERROR:process_memory_win.cc(73)] ReadMemory at 0x7ffe263d0000 of 64 bytes failed: Only part of a ReadProcessMemory or WriteProcessMemory request was completed. (0x12B)
[0701/205950.029:WARNING:pe_image_reader.cc(340)] could not read dos header from C:\WINDOWS\SYSTEM32\UIAutomationCore.DLL
[0701/205950.029:ERROR:process_memory_win.cc(73)] ReadMemory at 0x7ffe39990000 of 64 bytes failed: Only part of a ReadProcessMemory or WriteProcessMemory request was completed. (0x12B)
[0701/205950.029:WARNING:pe_image_reader.cc(340)] could not read dos header from C:\WINDOWS\SYSTEM32\DWrite.dll
[0701/205950.030:ERROR:process_memory_win.cc(73)] ReadMemory at 0x7ffe449c0000 of 64 bytes failed: Only part of a ReadProcessMemory or WriteProcessMemory request was completed. (0x12B)
[0701/205950.030:WARNING:pe_image_reader.cc(340)] could not read dos header from C:\WINDOWS\SYSTEM32\WINSPOOL.DRV
[0701/205950.030:ERROR:process_memory_win.cc(73)] ReadMemory at 0x7ffe4c160000 of 64 bytes failed: Only part of a ReadProcessMemory or WriteProcessMemory request was completed. (0x12B)
[0701/205950.030:WARNING:pe_image_reader.cc(340)] could not read dos header from C:\WINDOWS\System32\kernel.appcore.dll
[0701/205950.030:ERROR:process_memory_win.cc(73)] ReadMemory at 0x7ffe4cf30000 of 64 bytes failed: Only part of a ReadProcessMemory or WriteProcessMemory request was completed. (0x12B)
[0701/205950.030:WARNING:pe_image_reader.cc(340)] could not read dos header from C:\WINDOWS\System32\bcrypt.dll
[0701/205950.030:ERROR:process_memory_win.cc(73)] ReadMemory at 0x7ffe45e90000 of 64 bytes failed: Only part of a ReadProcessMemory or WriteProcessMemory request was completed. (0x12B)
[0701/205950.030:WARNING:pe_image_reader.cc(340)] could not read dos header from C:\WINDOWS\SYSTEM32\dbghelp.dll
[0701/205950.030:ERROR:process_memory_win.cc(73)] ReadMemory at 0x7ffe3f210000 of 64 bytes failed: Only part of a ReadProcessMemory or WriteProcessMemory request was completed. (0x12B)
[0701/205950.030:WARNING:pe_image_reader.cc(340)] could not read dos header from C:\WINDOWS\SYSTEM32\WINHTTP.dll
[0701/205950.030:ERROR:process_memory_win.cc(73)] ReadMemory at 0x7ffe3f320000 of 64 bytes failed: Only part of a ReadProcessMemory or WriteProcessMemory request was completed. (0x12B)
[0701/205950.030:WARNING:pe_image_reader.cc(340)] could not read dos header from C:\WINDOWS\SYSTEM32\dhcpcsvc.DLL
[0701/205950.030:ERROR:process_memory_win.cc(73)] ReadMemory at 0x7ffe4da20000 of 64 bytes failed: Only part of a ReadProcessMemory or WriteProcessMemory request was completed. (0x12B)
[0701/205950.030:WARNING:pe_image_reader.cc(340)] could not read dos header from C:\WINDOWS\System32\NSI.dll
[0701/205950.030:ERROR:process_memory_win.cc(73)] ReadMemory at 0x7ffe4a290000 of 64 bytes failed: Only part of a ReadProcessMemory or WriteProcessMemory request was completed. (0x12B)
[0701/205950.030:WARNING:pe_image_reader.cc(340)] could not read dos header from C:\WINDOWS\SYSTEM32\WINMMBASE.dll
[0701/205950.030:ERROR:process_memory_win.cc(73)] ReadMemory at 0x7ffe4c590000 of 64 bytes failed: Only part of a ReadProcessMemory or WriteProcessMemory request was completed. (0x12B)
[0701/205950.030:WARNING:pe_image_reader.cc(340)] could not read dos header from C:\WINDOWS\System32\cfgmgr32.dll
[0701/205950.030:ERROR:process_memory_win.cc(73)] ReadMemory at 0x7ffe43ed0000 of 64 bytes failed: Only part of a ReadProcessMemory or WriteProcessMemory request was completed. (0x12B)
[0701/205950.030:WARNING:pe_image_reader.cc(340)] could not read dos header from C:\WINDOWS\SYSTEM32\Bcp47Langs.dll
[0701/205950.030:ERROR:process_memory_win.cc(73)] ReadMemory at 0x7ffe4aca0000 of 64 bytes failed: Only part of a ReadProcessMemory or WriteProcessMemory request was completed. (0x12B)
[0701/205950.030:WARNING:pe_image_reader.cc(340)] could not read dos header from C:\WINDOWS\SYSTEM32\PROPSYS.dll
[0701/205950.030:ERROR:process_memory_win.cc(73)] ReadMemory at 0x7ffe4fea0000 of 64 bytes failed: Only part of a ReadProcessMemory or WriteProcessMemory request was completed. (0x12B)
[0701/205950.030:WARNING:pe_image_reader.cc(340)] could not read dos header from C:\WINDOWS\System32\shcore.dll
[0701/205950.031:ERROR:process_memory_win.cc(73)] ReadMemory at 0x7ffe4c080000 of 64 bytes failed: Only part of a ReadProcessMemory or WriteProcessMemory request was completed. (0x12B)
[0701/205950.031:WARNING:pe_image_reader.cc(340)] could not read dos header from C:\WINDOWS\SYSTEM32\SSPICLI.DLL
[0701/205950.031:ERROR:process_memory_win.cc(73)] ReadMemory at 0x7ffe4bb90000 of 64 bytes failed: Only part of a ReadProcessMemory or WriteProcessMemory request was completed. (0x12B)
[0701/205950.031:WARNING:pe_image_reader.cc(340)] could not read dos header from C:\WINDOWS\SYSTEM32\CRYPTBASE.DLL
[0701/205950.039:ERROR:process_memory_win.cc(73)] ReadMemory at 0xd2aabef000 of 69632 bytes failed: Only part of a ReadProcessMemory or WriteProcessMemory request was completed. (0x12B)
[0701/205950.039:ERROR:process_memory_win.cc(73)] ReadMemory at 0xd2ab3fd000 of 12288 bytes failed: Only part of a ReadProcessMemory or WriteProcessMemory request was completed. (0x12B)
[0701/205950.039:ERROR:process_memory_win.cc(73)] ReadMemory at 0xd2abbfc000 of 16384 bytes failed: Only part of a ReadProcessMemory or WriteProcessMemory request was completed. (0x12B)
[0701/205950.039:ERROR:process_memory_win.cc(73)] ReadMemory at 0xd2ac3fc000 of 16384 bytes failed: Only part of a ReadProcessMemory or WriteProcessMemory request was completed. (0x12B)
[0701/205950.039:ERROR:process_memory_win.cc(73)] ReadMemory at 0xd2acbfc000 of 16384 bytes failed: Only part of a ReadProcessMemory or WriteProcessMemory request was completed. (0x12B)
[0701/205950.039:ERROR:process_memory_win.cc(73)] ReadMemory at 0xd2ad3fe000 of 8192 bytes failed: Only part of a ReadProcessMemory or WriteProcessMemory request was completed. (0x12B)
[0701/205950.039:ERROR:process_memory_win.cc(73)] ReadMemory at 0xd2adbfd000 of 12288 bytes failed: Only part of a ReadProcessMemory or WriteProcessMemory request was completed. (0x12B)
[0701/205950.039:ERROR:process_memory_win.cc(73)] ReadMemory at 0xd2ae3fb000 of 20480 bytes failed: Only part of a ReadProcessMemory or WriteProcessMemory request was completed. (0x12B)
[0701/205950.039:ERROR:process_memory_win.cc(73)] ReadMemory at 0xd2aebfd000 of 12288 bytes failed: Only part of a ReadProcessMemory or WriteProcessMemory request was completed. (0x12B)
[0701/205950.040:ERROR:process_memory_win.cc(73)] ReadMemory at 0xd2af3fd000 of 12288 bytes failed: Only part of a ReadProcessMemory or WriteProcessMemory request was completed. (0x12B)
[0701/205950.040:ERROR:process_memory_win.cc(73)] ReadMemory at 0xd2afbfd000 of 12288 bytes failed: Only part of a ReadProcessMemory or WriteProcessMemory request was completed. (0x12B)
[0701/205950.040:ERROR:process_memory_win.cc(73)] ReadMemory at 0xd2b03fd000 of 12288 bytes failed: Only part of a ReadProcessMemory or WriteProcessMemory request was completed. (0x12B)
[0701/205950.040:ERROR:process_memory_win.cc(73)] ReadMemory at 0xd2b0bfd000 of 12288 bytes failed: Only part of a ReadProcessMemory or WriteProcessMemory request was completed. (0x12B)
[0701/205950.040:ERROR:process_memory_win.cc(73)] ReadMemory at 0xd2b13fd000 of 12288 bytes failed: Only part of a ReadProcessMemory or WriteProcessMemory request was completed. (0x12B)
[0701/205950.040:ERROR:process_memory_win.cc(73)] ReadMemory at 0xd2b1bfd000 of 12288 bytes failed: Only part of a ReadProcessMemory or WriteProcessMemory request was completed. (0x12B)
[0701/205950.040:ERROR:process_memory_win.cc(73)] ReadMemory at 0xd2b23fd000 of 12288 bytes failed: Only part of a ReadProcessMemory or WriteProcessMemory request was completed. (0x12B)
[0701/205950.040:ERROR:process_memory_win.cc(73)] ReadMemory at 0xd2aa380000 of 852 bytes failed: Only part of a ReadProcessMemory or WriteProcessMemory request was completed. (0x12B)
[0701/205950.040:ERROR:process_memory_win.cc(73)] ReadMemory at 0xd2aa381000 of 6024 bytes failed: Only part of a ReadProcessMemory or WriteProcessMemory request was completed. (0x12B)
[0701/205950.040:ERROR:process_memory_win.cc(73)] ReadMemory at 0xd2aa383000 of 6024 bytes failed: Only part of a ReadProcessMemory or WriteProcessMemory request was completed. (0x12B)
[0701/205950.040:ERROR:process_memory_win.cc(73)] ReadMemory at 0xd2aa385000 of 6024 bytes failed: Only part of a ReadProcessMemory or WriteProcessMemory request was completed. (0x12B)
[0701/205950.040:ERROR:process_memory_win.cc(73)] ReadMemory at 0xd2aa387000 of 6024 bytes failed: Only part of a ReadProcessMemory or WriteProcessMemory request was completed. (0x12B)
[0701/205950.040:ERROR:process_memory_win.cc(73)] ReadMemory at 0xd2aa389000 of 6024 bytes failed: Only part of a ReadProcessMemory or WriteProcessMemory request was completed. (0x12B)
[0701/205950.040:ERROR:process_memory_win.cc(73)] ReadMemory at 0xd2aa38b000 of 6024 bytes failed: Only part of a ReadProcessMemory or WriteProcessMemory request was completed. (0x12B)
[0701/205950.040:ERROR:process_memory_win.cc(73)] ReadMemory at 0xd2aa38d000 of 6024 bytes failed: Only part of a ReadProcessMemory or WriteProcessMemory request was completed. (0x12B)
[0701/205950.040:ERROR:process_memory_win.cc(73)] ReadMemory at 0xd2aa38f000 of 6024 bytes failed: Only part of a ReadProcessMemory or WriteProcessMemory request was completed. (0x12B)
[0701/205950.041:ERROR:process_memory_win.cc(73)] ReadMemory at 0xd2aa391000 of 6024 bytes failed: Only part of a ReadProcessMemory or WriteProcessMemory request was completed. (0x12B)
[0701/205950.041:ERROR:process_memory_win.cc(73)] ReadMemory at 0xd2aa393000 of 6024 bytes failed: Only part of a ReadProcessMemory or WriteProcessMemory request was completed. (0x12B)
[0701/205950.041:ERROR:process_memory_win.cc(73)] ReadMemory at 0xd2aa395000 of 6024 bytes failed: Only part of a ReadProcessMemory or WriteProcessMemory request was completed. (0x12B)
[0701/205950.041:ERROR:process_memory_win.cc(73)] ReadMemory at 0xd2aa397000 of 6024 bytes failed: Only part of a ReadProcessMemory or WriteProcessMemory request was completed. (0x12B)
[0701/205950.041:ERROR:process_memory_win.cc(73)] ReadMemory at 0xd2aa399000 of 6024 bytes failed: Only part of a ReadProcessMemory or WriteProcessMemory request was completed. (0x12B)
[0701/205950.041:ERROR:process_memory_win.cc(73)] ReadMemory at 0xd2aa39b000 of 6024 bytes failed: Only part of a ReadProcessMemory or WriteProcessMemory request was completed. (0x12B)
[0701/205950.041:ERROR:process_memory_win.cc(73)] ReadMemory at 0xd2aa39d000 of 6024 bytes failed: Only part of a ReadProcessMemory or WriteProcessMemory request was completed. (0x12B)
[0701/205950.041:ERROR:process_memory_win.cc(73)] ReadMemory at 0xd2aa39f000 of 6024 bytes failed: Only part of a ReadProcessMemory or WriteProcessMemory request was completed. (0x12B)
[0701/205950.041:ERROR:process_memory_win.cc(73)] ReadMemory at 0x1f03ce10fe0 of 6508 bytes failed: Only part of a ReadProcessMemory or WriteProcessMemory request was completed. (0x12B)
[0701/205950.041:ERROR:process_memory_win.cc(73)] ReadMemory at 0x1f03ce12960 of 1012 bytes failed: Only part of a ReadProcessMemory or WriteProcessMemory request was completed. (0x12B)
[0701/205950.042:ERROR:process_memory_win.cc(73)] ReadMemory at 0x1f03ce12f88 of 118 bytes failed: Only part of a ReadProcessMemory or WriteProcessMemory request was completed. (0x12B)
[0701/205950.042:ERROR:process_memory_win.cc(73)] ReadMemory at 0x1f03ce13000 of 760 bytes failed: Only part of a ReadProcessMemory or WriteProcessMemory request was completed. (0x12B)
[0701/205950.042:ERROR:process_memory_win.cc(73)] ReadMemory at 0x1f03ce132fa of 118 bytes failed: Only part of a ReadProcessMemory or WriteProcessMemory request was completed. (0x12B)
[0701/205950.042:ERROR:process_memory_win.cc(73)] ReadMemory at 0x1f03ce13372 of 96 bytes failed: Only part of a ReadProcessMemory or WriteProcessMemory request was completed. (0x12B)
[0701/205950.042:ERROR:process_memory_win.cc(73)] ReadMemory at 0x1f03ce133e0 of 58 bytes failed: Only part of a ReadProcessMemory or WriteProcessMemory request was completed. (0x12B)
[0701/205950.042:ERROR:process_memory_win.cc(73)] ReadMemory at 0x1f03ce134e0 of 132 bytes failed: Only part of a ReadProcessMemory or WriteProcessMemory request was completed. (0x12B)
[0701/205950.042:ERROR:process_memory_win.cc(73)] ReadMemory at 0x1f03ce13670 of 132 bytes failed: Only part of a ReadProcessMemory or WriteProcessMemory request was completed. (0x12B)
[0701/205950.042:ERROR:process_memory_win.cc(73)] ReadMemory at 0x1f03ce13830 of 126 bytes failed: Only part of a ReadProcessMemory or WriteProcessMemory request was completed. (0x12B)
[0701/205950.042:ERROR:process_memory_win.cc(73)] ReadMemory at 0x1f03ce13c10 of 132 bytes failed: Only part of a ReadProcessMemory or WriteProcessMemory request was completed. (0x12B)
[0701/205950.042:ERROR:process_memory_win.cc(73)] ReadMemory at 0x1f03ce13da0 of 64 bytes failed: Only part of a ReadProcessMemory or WriteProcessMemory request was completed. (0x12B)
[0701/205950.042:ERROR:process_memory_win.cc(73)] ReadMemory at 0x1f03ce13df0 of 132 bytes failed: Only part of a ReadProcessMemory or WriteProcessMemory request was completed. (0x12B)
[0701/205950.042:ERROR:process_memory_win.cc(73)] ReadMemory at 0x1f03ce13f60 of 132 bytes failed: Only part of a ReadProcessMemory or WriteProcessMemory request was completed. (0x12B)
[0701/205950.042:ERROR:process_memory_win.cc(73)] ReadMemory at 0x1f03ce14200 of 132 bytes failed: Only part of a ReadProcessMemory or WriteProcessMemory request was completed. (0x12B)
[0701/205950.042:ERROR:process_memory_win.cc(73)] ReadMemory at 0x1f03ce14390 of 68 bytes failed: Only part of a ReadProcessMemory or WriteProcessMemory request was completed. (0x12B)
[0701/205950.042:ERROR:process_memory_win.cc(73)] ReadMemory at 0x1f03ce15350 of 132 bytes failed: Only part of a ReadProcessMemory or WriteProcessMemory request was completed. (0x12B)
[0701/205950.043:ERROR:process_memory_win.cc(73)] ReadMemory at 0x1f03ce154e0 of 154 bytes failed: Only part of a ReadProcessMemory or WriteProcessMemory request was completed. (0x12B)
[0701/205950.043:ERROR:process_memory_win.cc(73)] ReadMemory at 0x1f03ce16af0 of 146 bytes failed: Only part of a ReadProcessMemory or WriteProcessMemory request was completed. (0x12B)
[0701/205950.043:ERROR:process_memory_win.cc(73)] ReadMemory at 0x1f03ce177d0 of 62 bytes failed: Only part of a ReadProcessMemory or WriteProcessMemory request was completed. (0x12B)
[0701/205950.043:ERROR:process_memory_win.cc(73)] ReadMemory at 0x1f03ce17930 of 132 bytes failed: Only part of a ReadProcessMemory or WriteProcessMemory request was completed. (0x12B)
[0701/205950.043:ERROR:process_memory_win.cc(73)] ReadMemory at 0x1f03ce17ac0 of 60 bytes failed: Only part of a ReadProcessMemory or WriteProcessMemory request was completed. (0x12B)
[0701/205950.043:ERROR:process_memory_win.cc(73)] ReadMemory at 0x1f03ce1bae0 of 132 bytes failed: Only part of a ReadProcessMemory or WriteProcessMemory request was completed. (0x12B)
[0701/205950.043:ERROR:process_memory_win.cc(73)] ReadMemory at 0x1f03ce1bc10 of 132 bytes failed: Only part of a ReadProcessMemory or WriteProcessMemory request was completed. (0x12B)
[0701/205950.043:ERROR:process_memory_win.cc(73)] ReadMemory at 0x1f03ce1bda0 of 80 bytes failed: Only part of a ReadProcessMemory or WriteProcessMemory request was completed. (0x12B)
[0701/205950.043:ERROR:process_memory_win.cc(73)] ReadMemory at 0x1f03ce1bf40 of 64 bytes failed: Only part of a ReadProcessMemory or WriteProcessMemory request was completed. (0x12B)
[0701/205950.043:ERROR:process_memory_win.cc(73)] ReadMemory at 0x1f03ce1c030 of 64 bytes failed: Only part of a ReadProcessMemory or WriteProcessMemory request was completed. (0x12B)
[0701/205950.043:ERROR:process_memory_win.cc(73)] ReadMemory at 0x1f03ce1c0d0 of 60 bytes failed: Only part of a ReadProcessMemory or WriteProcessMemory request was completed. (0x12B)
[0701/205950.043:ERROR:process_memory_win.cc(73)] ReadMemory at 0x1f03ce1c170 of 66 bytes failed: Only part of a ReadProcessMemory or WriteProcessMemory request was completed. (0x12B)
[0701/205950.043:ERROR:process_memory_win.cc(73)] ReadMemory at 0x1f03ce1c1c0 of 64 bytes failed: Only part of a ReadProcessMemory or WriteProcessMemory request was completed. (0x12B)
[0701/205950.043:ERROR:process_memory_win.cc(73)] ReadMemory at 0x1f03ce1c210 of 60 bytes failed: Only part of a ReadProcessMemory or WriteProcessMemory request was completed. (0x12B)
[0701/205950.044:ERROR:process_memory_win.cc(73)] ReadMemory at 0x1f03ce1c440 of 64 bytes failed: Only part of a ReadProcessMemory or WriteProcessMemory request was completed. (0x12B)
[0701/205950.044:ERROR:process_memory_win.cc(73)] ReadMemory at 0x1f03ce1c4e0 of 62 bytes failed: Only part of a ReadProcessMemory or WriteProcessMemory request was completed. (0x12B)
[0701/205950.044:ERROR:process_memory_win.cc(73)] ReadMemory at 0x1f03ce1c580 of 62 bytes failed: Only part of a ReadProcessMemory or WriteProcessMemory request was completed. (0x12B)
[0701/205950.044:ERROR:process_memory_win.cc(73)] ReadMemory at 0x1f03ce1cb50 of 132 bytes failed: Only part of a ReadProcessMemory or WriteProcessMemory request was completed. (0x12B)
[0701/205950.044:ERROR:process_memory_win.cc(73)] ReadMemory at 0x1f03ce1cc80 of 132 bytes failed: Only part of a ReadProcessMemory or WriteProcessMemory request was completed. (0x12B)
[0701/205950.044:ERROR:process_memory_win.cc(73)] ReadMemory at 0x1f03ce1cdb0 of 132 bytes failed: Only part of a ReadProcessMemory or WriteProcessMemory request was completed. (0x12B)
[0701/205950.044:ERROR:process_memory_win.cc(73)] ReadMemory at 0x1f03ce1cee0 of 132 bytes failed: Only part of a ReadProcessMemory or WriteProcessMemory request was completed. (0x12B)
[0701/205950.044:ERROR:process_memory_win.cc(73)] ReadMemory at 0x1f03ce1d010 of 132 bytes failed: Only part of a ReadProcessMemory or WriteProcessMemory request was completed. (0x12B)
[0701/205950.044:ERROR:process_memory_win.cc(73)] ReadMemory at 0x1f03ce1d270 of 132 bytes failed: Only part of a ReadProcessMemory or WriteProcessMemory request was completed. (0x12B)
[0701/205950.044:ERROR:process_memory_win.cc(73)] ReadMemory at 0x1f03ce1d3a0 of 132 bytes failed: Only part of a ReadProcessMemory or WriteProcessMemory request was completed. (0x12B)
[0701/205950.044:ERROR:process_memory_win.cc(73)] ReadMemory at 0x1f03ce1d4d0 of 132 bytes failed: Only part of a ReadProcessMemory or WriteProcessMemory request was completed. (0x12B)
[0701/205950.044:ERROR:process_memory_win.cc(73)] ReadMemory at 0x1f03ce1d600 of 132 bytes failed: Only part of a ReadProcessMemory or WriteProcessMemory request was completed. (0x12B)
[0701/205950.044:ERROR:process_memory_win.cc(73)] ReadMemory at 0x1f03ce1d730 of 132 bytes failed: Only part of a ReadProcessMemory or WriteProcessMemory request was completed. (0x12B)
[0701/205950.044:ERROR:process_memory_win.cc(73)] ReadMemory at 0x1f03ce1d860 of 132 bytes failed: Only part of a ReadProcessMemory or WriteProcessMemory request was completed. (0x12B)
[0701/205950.044:ERROR:process_memory_win.cc(73)] ReadMemory at 0x1f03ce1d990 of 132 bytes failed: Only part of a ReadProcessMemory or WriteProcessMemory request was completed. (0x12B)
[0701/205950.044:ERROR:process_memory_win.cc(73)] ReadMemory at 0x1f03ce1f900 of 54 bytes failed: Only part of a ReadProcessMemory or WriteProcessMemory request was completed. (0x12B)
[0701/205950.044:ERROR:process_memory_win.cc(73)] ReadMemory at 0x1f03ce211a0 of 132 bytes failed: Only part of a ReadProcessMemory or WriteProcessMemory request was completed. (0x12B)
[0701/205950.045:ERROR:process_memory_win.cc(73)] ReadMemory at 0x1f03ce21840 of 132 bytes failed: Only part of a ReadProcessMemory or WriteProcessMemory request was completed. (0x12B)
[0701/205950.045:ERROR:process_memory_win.cc(73)] ReadMemory at 0x1f03ce21a60 of 132 bytes failed: Only part of a ReadProcessMemory or WriteProcessMemory request was completed. (0x12B)
[0701/205950.045:ERROR:process_memory_win.cc(73)] ReadMemory at 0x1f03ce21dc0 of 132 bytes failed: Only part of a ReadProcessMemory or WriteProcessMemory request was completed. (0x12B)
[0701/205950.045:ERROR:process_memory_win.cc(73)] ReadMemory at 0x1f03ce21fd0 of 132 bytes failed: Only part of a ReadProcessMemory or WriteProcessMemory request was completed. (0x12B)
[0701/205950.045:ERROR:process_memory_win.cc(73)] ReadMemory at 0x1f03ce242d0 of 132 bytes failed: Only part of a ReadProcessMemory or WriteProcessMemory request was completed. (0x12B)
[0701/205950.045:ERROR:process_memory_win.cc(73)] ReadMemory at 0x1f03ce24400 of 132 bytes failed: Only part of a ReadProcessMemory or WriteProcessMemory request was completed. (0x12B)
[0701/205950.045:ERROR:process_memory_win.cc(73)] ReadMemory at 0x1f03ce26140 of 76 bytes failed: Only part of a ReadProcessMemory or WriteProcessMemory request was completed. (0x12B)
[0701/205950.045:ERROR:process_memory_win.cc(73)] ReadMemory at 0x1f03ce269e0 of 80 bytes failed: Only part of a ReadProcessMemory or WriteProcessMemory request was completed. (0x12B)
[0701/205950.045:ERROR:process_memory_win.cc(73)] ReadMemory at 0x1f03ce270d0 of 66 bytes failed: Only part of a ReadProcessMemory or WriteProcessMemory request was completed. (0x12B)
[0701/205950.045:ERROR:process_memory_win.cc(73)] ReadMemory at 0x1f03ce27120 of 64 bytes failed: Only part of a ReadProcessMemory or WriteProcessMemory request was completed. (0x12B)
[0701/205950.045:ERROR:process_memory_win.cc(73)] ReadMemory at 0x1f03ce27260 of 62 bytes failed: Only part of a ReadProcessMemory or WriteProcessMemory request was completed. (0x12B)
[0701/205950.045:ERROR:process_memory_win.cc(73)] ReadMemory at 0x1f03ce27350 of 62 bytes failed: Only part of a ReadProcessMemory or WriteProcessMemory request was completed. (0x12B)
[0701/205950.045:ERROR:process_memory_win.cc(73)] ReadMemory at 0x1f03ce27580 of 62 bytes failed: Only part of a ReadProcessMemory or WriteProcessMemory request was completed. (0x12B)
[0701/205950.045:ERROR:process_memory_win.cc(73)] ReadMemory at 0x1f03ce27670 of 64 bytes failed: Only part of a ReadProcessMemory or WriteProcessMemory request was completed. (0x12B)
[0701/205950.045:ERROR:process_memory_win.cc(73)] ReadMemory at 0x1f03ce276c0 of 60 bytes failed: Only part of a ReadProcessMemory or WriteProcessMemory request was completed. (0x12B)
[0701/205950.045:ERROR:process_memory_win.cc(73)] ReadMemory at 0x1f03ce27710 of 62 bytes failed: Only part of a ReadProcessMemory or WriteProcessMemory request was completed. (0x12B)
[0701/205950.045:ERROR:process_memory_win.cc(73)] ReadMemory at 0x1f03ce277b0 of 60 bytes failed: Only part of a ReadProcessMemory or WriteProcessMemory request was completed. (0x12B)
[0701/205950.045:ERROR:process_memory_win.cc(73)] ReadMemory at 0x1f03ce278f0 of 60 bytes failed: Only part of a ReadProcessMemory or WriteProcessMemory request was completed. (0x12B)
[0701/205950.046:ERROR:process_memory_win.cc(73)] ReadMemory at 0x1f03ce27940 of 58 bytes failed: Only part of a ReadProcessMemory or WriteProcessMemory request was completed. (0x12B)
[0701/205950.046:ERROR:process_memory_win.cc(73)] ReadMemory at 0x1f03ce279e0 of 62 bytes failed: Only part of a ReadProcessMemory or WriteProcessMemory request was completed. (0x12B)
[0701/205950.046:ERROR:process_memory_win.cc(73)] ReadMemory at 0x1f03ce27a80 of 68 bytes failed: Only part of a ReadProcessMemory or WriteProcessMemory request was completed. (0x12B)
[0701/205950.046:ERROR:process_memory_win.cc(73)] ReadMemory at 0x1f03ce27b70 of 62 bytes failed: Only part of a ReadProcessMemory or WriteProcessMemory request was completed. (0x12B)
[0701/205950.046:ERROR:process_memory_win.cc(73)] ReadMemory at 0x1f03ce27cb0 of 64 bytes failed: Only part of a ReadProcessMemory or WriteProcessMemory request was completed. (0x12B)
[0701/205950.046:ERROR:process_memory_win.cc(73)] ReadMemory at 0x1f03ce27e40 of 60 bytes failed: Only part of a ReadProcessMemory or WriteProcessMemory request was completed. (0x12B)
[0701/205950.046:ERROR:process_memory_win.cc(73)] ReadMemory at 0x1f03ce27ee0 of 62 bytes failed: Only part of a ReadProcessMemory or WriteProcessMemory request was completed. (0x12B)
[0701/205950.046:ERROR:process_memory_win.cc(73)] ReadMemory at 0x1f03ce27f30 of 62 bytes failed: Only part of a ReadProcessMemory or WriteProcessMemory request was completed. (0x12B)
[0701/205950.046:ERROR:process_memory_win.cc(73)] ReadMemory at 0x1f03ce27f80 of 64 bytes failed: Only part of a ReadProcessMemory or WriteProcessMemory request was completed. (0x12B)
[0701/205950.046:ERROR:process_memory_win.cc(73)] ReadMemory at 0x1f03ce28040 of 132 bytes failed: Only part of a ReadProcessMemory or WriteProcessMemory request was completed. (0x12B)
[0701/205950.046:ERROR:process_memory_win.cc(73)] ReadMemory at 0x1f03ce28170 of 132 bytes failed: Only part of a ReadProcessMemory or WriteProcessMemory request was completed. (0x12B)
[0701/205950.046:ERROR:process_memory_win.cc(73)] ReadMemory at 0x1f03ce282a0 of 132 bytes failed: Only part of a ReadProcessMemory or WriteProcessMemory request was completed. (0x12B)
[0701/205950.046:ERROR:process_memory_win.cc(73)] ReadMemory at 0x1f03ce283d0 of 132 bytes failed: Only part of a ReadProcessMemory or WriteProcessMemory request was completed. (0x12B)
[0701/205950.046:ERROR:process_memory_win.cc(73)] ReadMemory at 0x1f03ce28630 of 132 bytes failed: Only part of a ReadProcessMemory or WriteProcessMemory request was completed. (0x12B)
[0701/205950.047:ERROR:process_memory_win.cc(73)] ReadMemory at 0x1f03ce29470 of 132 bytes failed: Only part of a ReadProcessMemory or WriteProcessMemory request was completed. (0x12B)
[0701/205950.047:ERROR:process_memory_win.cc(73)] ReadMemory at 0x1f03ce29800 of 132 bytes failed: Only part of a ReadProcessMemory or WriteProcessMemory request was completed. (0x12B)
[0701/205950.047:ERROR:process_memory_win.cc(73)] ReadMemory at 0x1f03ce29930 of 132 bytes failed: Only part of a ReadProcessMemory or WriteProcessMemory request was completed. (0x12B)
[0701/205950.047:ERROR:process_memory_win.cc(73)] ReadMemory at 0x1f03ce29a60 of 132 bytes failed: Only part of a ReadProcessMemory or WriteProcessMemory request was completed. (0x12B)
[0701/205950.047:ERROR:process_memory_win.cc(73)] ReadMemory at 0x1f03ce29b90 of 132 bytes failed: Only part of a ReadProcessMemory or WriteProcessMemory request was completed. (0x12B)
[0701/205950.047:ERROR:process_memory_win.cc(73)] ReadMemory at 0x1f03ce29df0 of 132 bytes failed: Only part of a ReadProcessMemory or WriteProcessMemory request was completed. (0x12B)
[0701/205950.047:ERROR:process_memory_win.cc(73)] ReadMemory at 0x1f03ce40210 of 512 bytes failed: Only part of a ReadProcessMemory or WriteProcessMemory request was completed. (0x12B)
[0701/205950.047:ERROR:process_memory_win.cc(73)] ReadMemory at 0x1f03ce41180 of 512 bytes failed: Only part of a ReadProcessMemory or WriteProcessMemory request was completed. (0x12B)
[0701/205950.047:ERROR:process_memory_win.cc(73)] ReadMemory at 0x1f03d002a40 of 512 bytes failed: Only part of a ReadProcessMemory or WriteProcessMemory request was completed. (0x12B)
[0701/205950.047:ERROR:process_memory_win.cc(73)] ReadMemory at 0x1f03d68a060 of 512 bytes failed: Only part of a ReadProcessMemory or WriteProcessMemory request was completed. (0x12B)
[0701/205950.047:ERROR:process_memory_win.cc(73)] ReadMemory at 0x1f03d692390 of 512 bytes failed: Only part of a ReadProcessMemory or WriteProcessMemory request was completed. (0x12B)
[0701/205950.048:ERROR:process_memory_win.cc(73)] ReadMemory at 0x1f03d6a4ad0 of 512 bytes failed: Only part of a ReadProcessMemory or WriteProcessMemory request was completed. (0x12B)
[0701/205950.048:ERROR:process_memory_win.cc(73)] ReadMemory at 0x1f03d6c1d40 of 712 bytes failed: Only part of a ReadProcessMemory or WriteProcessMemory request was completed. (0x12B)
[0701/205950.048:ERROR:process_memory_win.cc(73)] ReadMemory at 0x1f03ed10000 of 384 bytes failed: Only part of a ReadProcessMemory or WriteProcessMemory request was completed. (0x12B)
[0701/205950.048:ERROR:process_memory_win.cc(73)] ReadMemory at 0x1f03ed29740 of 512 bytes failed: Only part of a ReadProcessMemory or WriteProcessMemory request was completed. (0x12B)
[0701/205950.048:ERROR:process_memory_win.cc(73)] ReadMemory at 0x1f03ed2c710 of 512 bytes failed: Only part of a ReadProcessMemory or WriteProcessMemory request was completed. (0x12B)
[0701/205950.048:ERROR:process_memory_win.cc(73)] ReadMemory at 0x1f03ee75600 of 512 bytes failed: Only part of a ReadProcessMemory or WriteProcessMemory request was completed. (0x12B)
[0701/205950.048:ERROR:process_memory_win.cc(73)] ReadMemory at 0x1f040630000 of 384 bytes failed: Only part of a ReadProcessMemory or WriteProcessMemory request was completed. (0x12B)
[0701/205950.048:ERROR:process_memory_win.cc(73)] ReadMemory at 0x9c9e7089068 of 512 bytes failed: Only part of a ReadProcessMemory or WriteProcessMemory request was completed. (0x12B)
[0701/205950.049:ERROR:process_memory_win.cc(73)] ReadMemory at 0x7ffdf2020000 of 384 bytes failed: Only part of a ReadProcessMemory or WriteProcessMemory request was completed. (0x12B)
[0701/205950.049:ERROR:process_memory_win.cc(73)] ReadMemory at 0x7ffdf423407c of 512 bytes failed: Only part of a ReadProcessMemory or WriteProcessMemory request was completed. (0x12B)
[0701/205950.049:ERROR:process_memory_win.cc(73)] ReadMemory at 0x7ffdf47a8cfc of 512 bytes failed: Only part of a ReadProcessMemory or WriteProcessMemory request was completed. (0x12B)
[0701/205950.049:ERROR:process_memory_win.cc(73)] ReadMemory at 0x7ffdf56d67e1 of 512 bytes failed: Only part of a ReadProcessMemory or WriteProcessMemory request was completed. (0x12B)
[0701/205950.049:ERROR:process_memory_win.cc(73)] ReadMemory at 0x7ffdf992a568 of 512 bytes failed: Only part of a ReadProcessMemory or WriteProcessMemory request was completed. (0x12B)
[0701/205950.049:ERROR:process_memory_win.cc(73)] ReadMemory at 0x7ffdf9c295e8 of 512 bytes failed: Only part of a ReadProcessMemory or WriteProcessMemory request was completed. (0x12B)
[0701/205950.049:ERROR:process_memory_win.cc(73)] ReadMemory at 0x7ffe501bff10 of 512 bytes failed: Only part of a ReadProcessMemory or WriteProcessMemory request was completed. (0x12B)
[0701/205950.049:ERROR:process_memory_win.cc(73)] ReadMemory at 0x7ffe5020f764 of 672 bytes failed: Only part of a ReadProcessMemory or WriteProcessMemory request was completed. (0x12B)
[0701/205950.049:ERROR:process_memory_win.cc(73)] ReadMemory at 0x7ffe5020fd64 of 512 bytes failed: Only part of a ReadProcessMemory or WriteProcessMemory request was completed. (0x12B)
[0701/205950.049:ERROR:process_memory_win.cc(73)] ReadMemory at 0x7ffe50212ff4 of 608 bytes failed: Only part of a ReadProcessMemory or WriteProcessMemory request was completed. (0x12B)
[0701/205950.049:ERROR:process_memory_win.cc(73)] ReadMemory at 0x7ffe5029c0c8 of 18 bytes failed: Only part of a ReadProcessMemory or WriteProcessMemory request was completed. (0x12B)
[0701/205950.050:ERROR:process_memory_win.cc(73)] ReadMemory at 0x7ffe502cf4f8 of 40 bytes failed: Only part of a ReadProcessMemory or WriteProcessMemory request was completed. (0x12B)
[0701/205950.050:ERROR:process_memory_win.cc(73)] ReadMemory at 0x7ffe502cf978 of 48 bytes failed: Only part of a ReadProcessMemory or WriteProcessMemory request was completed. (0x12B)
[0701/205950.050:ERROR:process_memory_win.cc(73)] ReadMemory at 0x7ffe502d53c0 of 64 bytes failed: Only part of a ReadProcessMemory or WriteProcessMemory request was completed. (0x12B)
[0701/205950.064:ERROR:scoped_process_suspend.cc(40)] NtResumeProcess: An attempt was made to access an exiting process. (0xc000010a)
[0702/000827.736:ERROR:process_info.cc(359)] UncheckedAllocate
[0702/000834.417:ERROR:process_info.cc(359)] UncheckedAllocate
[0702/000844.657:ERROR:process_info.cc(359)] UncheckedAllocate
